<?xml version="1.0" encoding="UTF-8"?>
<!-- Generated by org.testng.reporters.JUnitReportReporter -->
<testsuite skipped="0" hostname="MAC-DES-104" name="com.test.CP_LoginTest" tests="1" failures="0" timestamp="05 Dec 2018 08:44:55 GMT" time="21.038" errors="0">
  <testcase name="LoginToApplication" time="21.038" classname="com.test.CP_LoginTest"/>
</testsuite> <!-- com.test.CP_LoginTest -->
