<?xml version="1.0" encoding="UTF-8"?>
<!-- Generated by org.testng.reporters.JUnitReportReporter -->
<testsuite skipped="0" hostname="MAC-DES-104" name="com.test.ambi" tests="1" failures="0" timestamp="07 Dec 2018 10:26:54 GMT" time="2.135" errors="0">
  <testcase name="testme" time="2.135" classname="com.test.ambi"/>
</testsuite> <!-- com.test.ambi -->
